<?xml version="1.0" encoding="UTF-8"?>
<beans
        xmlns="http://www.springframework.org/schema/beans"
        xmlns:xsi="http://www.w3.org/2001/XMLSchema-instance"
        xmlns:aop="http://www.springframework.org/schema/aop"
        xmlns:mockito="http://www.mockito.org/spring/mockito"
        xmlns:context="http://www.springframework.org/schema/context"
	    xmlns:tx="http://www.springframework.org/schema/tx"
	    xmlns:p="http://www.springframework.org/schema/p"
        
        xsi:schemaLocation="http://www.springframework.org/schema/beans http://www.springframework.org/schema/beans/spring-beans-4.0.xsd
                        http://www.springframework.org/schema/aop http://www.springframework.org/schema/aop/spring-aop-4.0.xsd
                        http://www.springframework.org/schema/tx http://www.springframework.org/schema/tx/spring-tx-4.0.xsd
                        http://www.mockito.org/spring/mockito classpath:spring/mockito.xsd
                        http://www.springframework.org/schema/context http://www.springframework.org/schema/context/spring-context-4.0.xsd" >

	<!-- Hibernate session -->
	<bean id="sessionFactory"
		class="org.springframework.orm.hibernate4.LocalSessionFactoryBean"
		lazy-init="true">
		<property name="dataSource" ref="dataSource" />
		
		<property name="hibernateProperties">
			<props>
				<prop key="hibernate.dialect" >${hibernate.dialect}</prop>
				<prop key="hibernate.hbm2ddl.auto">${hibernate.uhbm2ddl}</prop><!-- create to reinitialise -->
				<prop key="hibernate.show_sql">false</prop>
			</props>
		</property>
	</bean>

</beans>